frequency 0.5 1 2 5 10 20 50 100
461.363636364 2.48093400680234E-06 2.4707575764092E-06 2.4711120234271E-06 2.47112592502183E-06 2.47112845737433E-06 2.47113873883226E-06 2.47113041409753E-06 2.47108977205446E-06
513.636363636 2.47895449244042E-06 2.46939224999678E-06 2.4697513764868E-06 2.46985359185357E-06 2.46983396145356E-06 2.46984089435166E-06 2.46986736694494E-06 2.46982489618261E-06
565.909090909 2.48388080079282E-06 2.46863795974763E-06 2.46949549307569E-06 2.4699811785828E-06 2.47002156040555E-06 2.46996493699479E-06 2.46999555618099E-06 2.47008521701881E-06
618.181818182 2.48163794760754E-06 2.47213684797232E-06 2.47054388873896E-06 2.47122686623438E-06 2.47116085970846E-06 2.47113864692095E-06 2.47112538723774E-06 2.47115142406244E-06
670.454545455 2.49001080683801E-06 2.47746216824811E-06 2.47798075723964E-06 2.47821790081526E-06 2.47821327745948E-06 2.47821025577617E-06 2.47819789561015E-06 2.4781880637852E-06
722.727272727 2.49227990775282E-06 2.48045115342555E-06 2.47993746066667E-06 2.47993166816898E-06 2.47996602226879E-06 2.47989697185299E-06 2.47989079217802E-06 2.47983890804471E-06
775 2.49560283444126E-06 2.48083116108532E-06 2.482337090433E-06 2.48237776232784E-06 2.48240165141352E-06 2.48241809946523E-06 2.48227197751646E-06 2.48221333849482E-06
827.272727273 2.49729460993926E-06 2.48670740410684E-06 2.486172959334E-06 2.48648670617637E-06 2.48640987177426E-06 2.48629344123084E-06 2.48586438926224E-06 2.48556137141933E-06
879.545454545 2.50432277086445E-06 2.49116225143972E-06 2.49142207022165E-06 2.49145544454676E-06 2.49119740498532E-06 2.49097933672236E-06 2.48992230162693E-06 2.4883642382162E-06
931.818181818 2.51460387649624E-06 2.50171344182365E-06 2.5018994906719E-06 2.50148917407434E-06 2.50081174813465E-06 2.49961189592418E-06 2.49637277414408E-06 2.49213532869474E-06
984.090909091 2.5335970319823E-06 2.52021394973071E-06 2.520635166258E-06 2.51873150819289E-06 2.51673995475607E-06 2.51231866926163E-06 2.50225368683076E-06 2.49193763338772E-06
1036.36363636 2.57263523642085E-06 2.55932502447138E-06 2.55719120568458E-06 2.55057874922485E-06 2.54073033038222E-06 2.5258115368935E-06 2.49965317493124E-06 2.48480187197466E-06
1088.63636364 2.6757284609825E-06 2.6476867946122E-06 2.63621508878861E-06 2.60259560277223E-06 2.56236645795717E-06 2.51722876877458E-06 2.48362876597973E-06 2.4802674143193E-06
1140.90909091 2.9448650570608E-06 2.88552780468733E-06 2.77628766308875E-06 2.59342983586232E-06 2.50303680642362E-06 2.48123817050543E-06 2.48030579960244E-06 2.4803058220084E-06
1193.18181818 4.28749998708954E-06 2.70044561190829E-06 2.4656875494056E-06 2.48053478530605E-06 2.48052827456287E-06 2.48052824249477E-06 2.48052824257107E-06 2.48052824256504E-06
1245.45454545 2.84817052400062E-06 2.78663426336122E-06 2.66987076042978E-06 2.52645069213507E-06 2.48485920561778E-06 2.48062886734558E-06 2.48060481988793E-06 2.48060481760038E-06
1297.72727273 2.6273504131407E-06 2.59412893290335E-06 2.57907920268467E-06 2.54324227007245E-06 2.51036892971089E-06 2.48729582677355E-06 2.48075666208985E-06 2.48067983954687E-06
1350 2.54386938854078E-06 2.52970381955747E-06 2.52602287871389E-06 2.51742768444933E-06 2.50577305193328E-06 2.49276394909671E-06 2.48212702465444E-06 2.48078758630195E-06
1402.27272727 2.51746951228627E-06 2.50433284497788E-06 2.50373426536262E-06 2.50088687019496E-06 2.49696731672972E-06 2.49120179768381E-06 2.48361850171374E-06 2.48114785679235E-06
1454.54545455 2.50704848981283E-06 2.49354411328677E-06 2.49353017108249E-06 2.49239134661935E-06 2.49088353946093E-06 2.48826741086855E-06 2.48391410163461E-06 2.48160831794581E-06
1506.81818182 2.50181613865844E-06 2.4881240837812E-06 2.48844967927793E-06 2.48779934741305E-06 2.48709064212398E-06 2.48588476798544E-06 2.48352389873833E-06 2.4818469772267E-06
1559.09090909 2.49862604530062E-06 2.48555815847228E-06 2.48578671459199E-06 2.48555757157269E-06 2.48521389625068E-06 2.48438713328467E-06 2.4830076302808E-06 2.48193399950302E-06
1611.36363636 2.49705904024394E-06 2.48399110612418E-06 2.48436101527918E-06 2.48421824621056E-06 2.48391919642239E-06 2.4835721937596E-06 2.48264652368017E-06 2.48188901753834E-06
1663.63636364 2.49632654656364E-06 2.48330423019311E-06 2.48361571034256E-06 2.48354478054286E-06 2.48334777195036E-06 2.48305693305339E-06 2.48241647463008E-06 2.48181211058665E-06
1715.90909091 2.49604286429062E-06 2.48309173648999E-06 2.48326719995722E-06 2.48322969751535E-06 2.48316284254438E-06 2.48275564961128E-06 2.48217760201678E-06 2.48165538575847E-06
1768.18181818 2.49604874593916E-06 2.48294523919472E-06 2.48323083949668E-06 2.4830854003517E-06 2.48290772958404E-06 2.48275224749941E-06 2.48200796703107E-06 2.48164119376183E-06
1820.45454545 2.4960448589774E-06 2.48317816506927E-06 2.48342558493216E-06 2.48341189459707E-06 2.48317989586478E-06 2.48277514083853E-06 2.48193299097061E-06 2.48159724212772E-06
1872.72727273 2.49630843282067E-06 2.48352195082812E-06 2.48374469019826E-06 2.48350163250185E-06 2.48310691355011E-06 2.482622784467E-06 2.48182935177889E-06 2.48152486626424E-06
1925 2.49677515528965E-06 2.48386396526528E-06 2.48397283491922E-06 2.4836567266665E-06 2.48305008018398E-06 2.48242562757882E-06 2.48169123264137E-06 2.48155888731271E-06
1977.27272727 2.49670048702939E-06 2.48375831046048E-06 2.48390569246364E-06 2.48342131008604E-06 2.48301333716424E-06 2.48229028092357E-06 2.48166443841403E-06 2.48160921349122E-06
2029.54545455 2.49625323145795E-06 2.48338192340855E-06 2.48353871095781E-06 2.48322861586872E-06 2.48266583466125E-06 2.48218532311836E-06 2.48172870017944E-06 2.48167192844201E-06
2081.81818182 2.49560910958659E-06 2.4827524628004E-06 2.48300508265944E-06 2.48280741697515E-06 2.48251327122812E-06 2.48212927214596E-06 2.48179277797512E-06 2.48173403673887E-06
2134.09090909 2.49507947803175E-06 2.4822411943291E-06 2.48254735807877E-06 2.48245230004924E-06 2.48231373798942E-06 2.48211752138636E-06 2.48187045951724E-06 2.48179847560276E-06
2186.36363636 2.49479577052243E-06 2.48194171184987E-06 2.48228821848142E-06 2.48227221218991E-06 2.48218092632954E-06 2.48207464568322E-06 2.48194046351894E-06 2.48185548032189E-06
2238.63636364 2.49457839590572E-06 2.48187463333955E-06 2.48218334458634E-06 2.48211456307078E-06 2.48212847222959E-06 2.48203032417869E-06 2.48195756812073E-06 2.48192350451834E-06
2290.90909091 2.49461545584671E-06 2.48175684402518E-06 2.48215923449767E-06 2.48212814986161E-06 2.48211055347531E-06 2.48206579872764E-06 2.48198617780189E-06 2.48200103182349E-06
2343.18181818 2.49459908193133E-06 2.48182539154508E-06 2.48216441021009E-06 2.48216544253767E-06 2.4821331339625E-06 2.48211784470093E-06 2.48205271080977E-06 2.48201904636073E-06
2395.45454545 2.4946319379771E-06 2.48184397913464E-06 2.48217127319916E-06 2.48218850424318E-06 2.48216489587759E-06 2.4821282376166E-06 2.48209095693427E-06 2.48207485794779E-06
2447.72727273 2.4946081073657E-06 2.48189304534792E-06 2.4821783631987E-06 2.48220603720763E-06 2.48218811940886E-06 2.48215884335653E-06 2.48211334885613E-06 2.48210461550528E-06
2500 2.4946824094646E-06 2.48186454641523E-06 2.482203840453E-06 2.48221262184181E-06 2.48223797692982E-06 2.48222078375902E-06 2.48217139358524E-06 2.48215120777779E-06
